Build started 12/4/2015 5:26:13 PM.
     1>Project "C:\Users\jimmy\Documents\GitHub\as8\as8.vcxproj" on node 2 (Build target(s)).
     1>ClCompile:
         C:\Program Files (x86)\Microsoft Visual Studio 14.0\VC\bin\CL.exe /c /ZI /nologo /W3 /WX- /Od /Oy- /D WIN32 /D _DEBUG /D _CONSOLE /D _UNICODE /D UNICODE /Gm /EHsc /RTC1 /MDd /GS /fp:precise /Zc:wchar_t /Zc:forScope /Zc:inline /Fo"Debug\\" /Fd"Debug\vc140.pdb" /Gd /TP /analyze- /errorReport:prompt assign8_temp.cpp
         assign8_temp.cpp
     1>c:\users\jimmy\documents\github\as8\assign8_temp.cpp(47): warning C4838: conversion from 'double' to 'GLfloat' requires a narrowing conversion
     1>c:\users\jimmy\documents\github\as8\assign8_temp.cpp(50): warning C4838: conversion from 'double' to 'GLfloat' requires a narrowing conversion
     1>c:\users\jimmy\documents\github\as8\assign8_temp.cpp(52): warning C4838: conversion from 'double' to 'GLfloat' requires a narrowing conversion
     1>c:\users\jimmy\documents\github\as8\assign8_temp.cpp(263): warning C4800: 'int': forcing value to bool 'true' or 'false' (performance warning)
     1>c:\users\jimmy\documents\github\as8\assign8_temp.cpp(265): warning C4800: 'int': forcing value to bool 'true' or 'false' (performance warning)
     1>c:\users\jimmy\documents\github\as8\assign8_temp.cpp(528): warning C4101: 'light_loc': unreferenced local variable
     1>c:\users\jimmy\documents\github\as8\assign8_temp.cpp(571): warning C4996: 'fopen': This function or variable may be unsafe. Consider using fopen_s instead. To disable deprecation, use _CRT_SECURE_NO_WARNINGS. See online help for details.
         c:\program files (x86)\windows kits\10\include\10.0.10150.0\ucrt\stdio.h(205): note: see declaration of 'fopen'
     1>c:\users\jimmy\documents\github\as8\assign8_temp.cpp(613): warning C4996: 'fopen': This function or variable may be unsafe. Consider using fopen_s instead. To disable deprecation, use _CRT_SECURE_NO_WARNINGS. See online help for details.
         c:\program files (x86)\windows kits\10\include\10.0.10150.0\ucrt\stdio.h(205): note: see declaration of 'fopen'
     1>c:\users\jimmy\documents\github\as8\assign8_temp.cpp(622): warning C4996: 'fscanf': This function or variable may be unsafe. Consider using fscanf_s instead. To disable deprecation, use _CRT_SECURE_NO_WARNINGS. See online help for details.
         c:\program files (x86)\windows kits\10\include\10.0.10150.0\ucrt\stdio.h(1193): note: see declaration of 'fscanf'
     1>c:\users\jimmy\documents\github\as8\assign8_temp.cpp(643): warning C4996: 'fopen': This function or variable may be unsafe. Consider using fopen_s instead. To disable deprecation, use _CRT_SECURE_NO_WARNINGS. See online help for details.
         c:\program files (x86)\windows kits\10\include\10.0.10150.0\ucrt\stdio.h(205): note: see declaration of 'fopen'
     1>c:\users\jimmy\documents\github\as8\assign8_temp.cpp(648): warning C4996: 'fscanf': This function or variable may be unsafe. Consider using fscanf_s instead. To disable deprecation, use _CRT_SECURE_NO_WARNINGS. See online help for details.
         c:\program files (x86)\windows kits\10\include\10.0.10150.0\ucrt\stdio.h(1193): note: see declaration of 'fscanf'
     1>c:\users\jimmy\documents\github\as8\assign8_temp.cpp(657): warning C4996: 'fscanf': This function or variable may be unsafe. Consider using fscanf_s instead. To disable deprecation, use _CRT_SECURE_NO_WARNINGS. See online help for details.
         c:\program files (x86)\windows kits\10\include\10.0.10150.0\ucrt\stdio.h(1193): note: see declaration of 'fscanf'
       Link:
         C:\Program Files (x86)\Microsoft Visual Studio 14.0\VC\bin\link.exe /ERRORREPORT:PROMPT /OUT:"C:\Users\jimmy\Documents\GitHub\as8\Debug\as8.exe" /INCREMENTAL /NOLOGO kernel32.lib user32.lib gdi32.lib winspool.lib comdlg32.lib advapi32.lib shell32.lib ole32.lib oleaut32.lib uuid.lib odbc32.lib odbccp32.lib opengl32.lib glut32.lib glu32.lib kernel32.lib user32.lib gdi32.lib winspool.lib comdlg32.lib advapi32.lib shell32.lib ole32.lib oleaut32.lib uuid.lib odbc32.lib odbccp32.lib /MANIFEST /MANIFESTUAC:"level='asInvoker' uiAccess='false'" /manifest:embed /Debug /PDB:"C:\Users\jimmy\Documents\GitHub\as8\Debug\as8.pdb" /SUBSYSTEM:CONSOLE /TLBID:1 /DYNAMICBASE /NXCOMPAT /IMPLIB:"C:\Users\jimmy\Documents\GitHub\as8\Debug\as8.lib" /MACHINE:X86 Debug\assign8_temp.obj
         Debug\glprocs.obj
         Debug\read_tga.obj
         Debug\tga.obj
         as8.vcxproj -> C:\Users\jimmy\Documents\GitHub\as8\Debug\as8.exe
     1>Done Building Project "C:\Users\jimmy\Documents\GitHub\as8\as8.vcxproj" (Build target(s)).

Build succeeded.

Time Elapsed 00:00:00.99
